<?xml version="1.0" encoding="UTF-8"?>
<!-- Generated by org.testng.reporters.JUnitReportReporter -->
<testsuite hostname="DESKTOP-CR25HP7" failures="0" tests="1" name="mavenProject.SignupVerify" time="51.918" errors="0" timestamp="2023-10-11T14:11:26 IST" skipped="0">
  <testcase classname="mavenProject.SignupVerify" name="signup" time="51.918"/>
</testsuite> <!-- mavenProject.SignupVerify -->
