<?xml version="1.0" encoding="UTF-8"?>
<!-- Generated by org.testng.reporters.JUnitReportReporter -->
<testsuite hostname="DESKTOP-CR25HP7" failures="0" tests="1" name="mavenProject.VerifyLogin" time="18.557" errors="0" timestamp="2023-10-10T13:02:56 IST" skipped="0">
  <testcase classname="mavenProject.VerifyLogin" name="loginpage" time="18.557"/>
</testsuite> <!-- mavenProject.VerifyLogin -->
