<?xml version="1.0" encoding="UTF-8"?>
<!-- Generated by org.testng.reporters.JUnitReportReporter -->
<testsuite hostname="DESKTOP-CR25HP7" failures="0" tests="1" name="mavenProject.ExcelHandling" time="28.301" errors="0" timestamp="2023-10-07T09:28:41 IST" skipped="0">
  <testcase classname="mavenProject.ExcelHandling" name="excel" time="28.301"/>
</testsuite> <!-- mavenProject.ExcelHandling -->
