<?xml version="1.0" encoding="UTF-8"?>
<!-- Generated by org.testng.reporters.JUnitReportReporter -->
<testsuite hostname="DESKTOP-CR25HP7" failures="0" tests="1" name="mavenProject.ScreenshootHandling" time="15.376" errors="0" timestamp="2023-10-07T09:28:41 IST" skipped="0">
  <testcase classname="mavenProject.ScreenshootHandling" name="screenshoothandle" time="15.376"/>
</testsuite> <!-- mavenProject.ScreenshootHandling -->
