<?xml version="1.0" encoding="UTF-8"?>
<!-- Generated by org.testng.reporters.JUnitReportReporter -->
<testsuite hostname="DESKTOP-CR25HP7" failures="0" tests="1" name="mavenProject.SignupVerify" time="40.329" errors="0" timestamp="2023-10-11T11:58:05 IST" skipped="0">
  <testcase classname="mavenProject.SignupVerify" name="signup" time="40.329"/>
</testsuite> <!-- mavenProject.SignupVerify -->
